[debug] [2024-11-17T08:31:00.927Z] ----------------------------------------------------------------------
[debug] [2024-11-17T08:31:00.928Z] Command:       C:\Program Files\nodejs\node.exe C:\Users\User\AppData\Roaming\npm\node_modules\firebase-tools\lib\bin\firebase.js deploy
[debug] [2024-11-17T08:31:00.929Z] CLI Version:   13.25.0
[debug] [2024-11-17T08:31:00.929Z] Platform:      win32
[debug] [2024-11-17T08:31:00.929Z] Node Version:  v20.16.0
[debug] [2024-11-17T08:31:00.929Z] Time:          Sun Nov 17 2024 15:31:00 GMT+0700 (Indochina Time)
[debug] [2024-11-17T08:31:00.929Z] ----------------------------------------------------------------------
[debug] 
[debug] [2024-11-17T08:31:00.973Z] > command requires scopes: ["email","openid","https://www.googleapis.com/auth/cloudplatformprojects.readonly","https://www.googleapis.com/auth/firebase","https://www.googleapis.com/auth/cloud-platform"]
[debug] [2024-11-17T08:31:00.974Z] > authorizing via signed-in user (devapp02121998@gmail.com)
[debug] [2024-11-17T08:31:00.974Z] [iam] checking project appointmentanimals for permissions ["firebase.projects.get","firebasehosting.sites.update"]
[debug] [2024-11-17T08:31:00.974Z] Checked if tokens are valid: true, expires at: 1731833459319
[debug] [2024-11-17T08:31:00.975Z] Checked if tokens are valid: true, expires at: 1731833459319
[debug] [2024-11-17T08:31:00.975Z] >>> [apiv2][query] POST https://cloudresourcemanager.googleapis.com/v1/projects/appointmentanimals:testIamPermissions [none]
[debug] [2024-11-17T08:31:00.975Z] >>> [apiv2][(partial)header] POST https://cloudresourcemanager.googleapis.com/v1/projects/appointmentanimals:testIamPermissions x-goog-quota-user=projects/appointmentanimals
[debug] [2024-11-17T08:31:00.976Z] >>> [apiv2][body] POST https://cloudresourcemanager.googleapis.com/v1/projects/appointmentanimals:testIamPermissions {"permissions":["firebase.projects.get","firebasehosting.sites.update"]}
[debug] [2024-11-17T08:31:02.402Z] <<< [apiv2][status] POST https://cloudresourcemanager.googleapis.com/v1/projects/appointmentanimals:testIamPermissions 200
[debug] [2024-11-17T08:31:02.402Z] <<< [apiv2][body] POST https://cloudresourcemanager.googleapis.com/v1/projects/appointmentanimals:testIamPermissions {"permissions":["firebase.projects.get","firebasehosting.sites.update"]}
[debug] [2024-11-17T08:31:02.403Z] Checked if tokens are valid: true, expires at: 1731833459319
[debug] [2024-11-17T08:31:02.403Z] Checked if tokens are valid: true, expires at: 1731833459319
[debug] [2024-11-17T08:31:02.403Z] >>> [apiv2][query] GET https://firebase.googleapis.com/v1beta1/projects/appointmentanimals [none]
[debug] [2024-11-17T08:31:03.118Z] <<< [apiv2][status] GET https://firebase.googleapis.com/v1beta1/projects/appointmentanimals 200
[debug] [2024-11-17T08:31:03.118Z] <<< [apiv2][body] GET https://firebase.googleapis.com/v1beta1/projects/appointmentanimals {"projectId":"appointmentanimals","projectNumber":"1050401290587","displayName":"AppointMentanimals","name":"projects/appointmentanimals","resources":{"hostingSite":"appointmentanimals","storageBucket":"appointmentanimals.appspot.com","locationId":"us-central"},"state":"ACTIVE","etag":"1_3ba52c89-76ab-4007-b95f-792ac9572f70"}
[info] 
[info] === Deploying to 'appointmentanimals'...
[info] 
[info] i  deploying hosting 
[debug] [2024-11-17T08:31:03.123Z] Checked if tokens are valid: true, expires at: 1731833459319
[debug] [2024-11-17T08:31:03.123Z] Checked if tokens are valid: true, expires at: 1731833459319
[debug] [2024-11-17T08:31:03.123Z] >>> [apiv2][query] POST https://firebasehosting.googleapis.com/v1beta1/projects/-/sites/appointmentanimals/versions [none]
[debug] [2024-11-17T08:31:03.123Z] >>> [apiv2][body] POST https://firebasehosting.googleapis.com/v1beta1/projects/-/sites/appointmentanimals/versions {"status":"CREATED","labels":{"deployment-tool":"cli-firebase"}}
